-------------------------------------------------------------------------------
Test set: com.boot.cursotdd.repository.PessoaRepositoryTest
-------------------------------------------------------------------------------
Tests run: 1, Failures: 0, Errors: 1, Skipped: 0, Time elapsed: 3.747 s <<< FAILURE! - in com.boot.cursotdd.repository.PessoaRepositoryTest
deve_procurar_pessoa_pelo_cpf(com.boot.cursotdd.repository.PessoaRepositoryTest)  Time elapsed: 0.016 s  <<< ERROR!
java.lang.IllegalStateException: Failed to load ApplicationContext
Caused by: org.springframework.beans.factory.BeanCreationException: Error creating bean with name 'flywayInitializer' defined in class path resource [org/springframework/boot/autoconfigure/flyway/FlywayAutoConfiguration$FlywayConfiguration.class]: Invocation of init method failed; nested exception is org.flywaydb.core.api.FlywayException: Wrong migration name format: V2_create_table_telefone.sql(It should look like this: V1.2__Description.sql)
Caused by: org.flywaydb.core.api.FlywayException: Wrong migration name format: V2_create_table_telefone.sql(It should look like this: V1.2__Description.sql)

